Status: Downloaded newer image for python:3.8
 ---> 274827c0462d
Step 2/11 : WORKDIR /code
 ---> Running in 5cf325899ff4
Removing intermediate container 5cf325899ff4
 ---> 69bda4a06f96
Step 3/11 : ADD requirements.txt requirements.txt
 ---> ac14b7c1c6db
Step 4/11 : RUN pip3 install -r requirements.txt
 ---> Running in ca9db2cee13c
Collecting asttokens==2.0.5
  Downloading asttokens-2.0.5-py2.py3-none-any.whl (20 kB)
Collecting backcall==0.2.0
  Downloading backcall-0.2.0-py2.py3-none-any.whl (11 kB)
Collecting certifi==2022.6.15
  Downloading certifi-2022.6.15-py3-none-any.whl (160 kB)
     ━━━━━━━━━━━━━━━━━━━━━━━━━━━━━━━━━━━━━━ 160.2/160.2 KB 31.3 MB/s eta 0:00:00
Collecting charset-normalizer==2.1.0
  Downloading charset_normalizer-2.1.0-py3-none-any.whl (39 kB)
Collecting colorama==0.4.5
  Downloading colorama-0.4.5-py2.py3-none-any.whl (16 kB)
Collecting decorator==5.1.1
  Downloading decorator-5.1.1-py3-none-any.whl (9.1 kB)
Collecting executing==0.8.3
  Downloading executing-0.8.3-py2.py3-none-any.whl (16 kB)
Collecting idna==3.3
  Downloading idna-3.3-py3-none-any.whl (61 kB)
     ━━━━━━━━━━━━━━━━━━━━━━━━━━━━━━━━━━━━━━━━ 61.2/61.2 KB 17.0 MB/s eta 0:00:00
Collecting ipython==8.4.0
  Downloading ipython-8.4.0-py3-none-any.whl (750 kB)
     ━━━━━━━━━━━━━━━━━━━━━━━━━━━━━━━━━━━━━━ 750.8/750.8 KB 70.9 MB/s eta 0:00:00
Collecting jedi==0.18.1
  Downloading jedi-0.18.1-py2.py3-none-any.whl (1.6 MB)
     ━━━━━━━━━━━━━━━━━━━━━━━━━━━━━━━━━━━━━━━━ 1.6/1.6 MB 49.1 MB/s eta 0:00:00
Collecting matplotlib-inline==0.1.3
  Downloading matplotlib_inline-0.1.3-py3-none-any.whl (8.2 kB)
Collecting numpy==1.23.1
  Downloading numpy-1.23.1-cp38-cp38-manylinux_2_17_x86_64.manylinux2014_x86_64.whl (17.1 MB)
     ━━━━━━━━━━━━━━━━━━━━━━━━━━━━━━━━━━━━━━━━ 17.1/17.1 MB 91.1 MB/s eta 0:00:00
Collecting oauthlib==3.2.0
  Downloading oauthlib-3.2.0-py3-none-any.whl (151 kB)
     ━━━━━━━━━━━━━━━━━━━━━━━━━━━━━━━━━━━━━━ 151.5/151.5 KB 39.5 MB/s eta 0:00:00
Collecting pandas==1.4.3
  Downloading pandas-1.4.3-cp38-cp38-manylinux_2_17_x86_64.manylinux2014_x86_64.whl (11.7 MB)
     ━━━━━━━━━━━━━━━━━━━━━━━━━━━━━━━━━━━━━━━ 11.7/11.7 MB 114.7 MB/s eta 0:00:00
Collecting parso==0.8.3
  Downloading parso-0.8.3-py2.py3-none-any.whl (100 kB)
     ━━━━━━━━━━━━━━━━━━━━━━━━━━━━━━━━━━━━━━ 100.8/100.8 KB 24.7 MB/s eta 0:00:00
Collecting pickleshare==0.7.5
  Downloading pickleshare-0.7.5-py2.py3-none-any.whl (6.9 kB)
Collecting prompt-toolkit==3.0.30
  Downloading prompt_toolkit-3.0.30-py3-none-any.whl (381 kB)
     ━━━━━━━━━━━━━━━━━━━━━━━━━━━━━━━━━━━━━━ 381.7/381.7 KB 62.7 MB/s eta 0:00:00
Collecting psycopg2==2.8.6
  Downloading psycopg2-2.8.6.tar.gz (383 kB)
     ━━━━━━━━━━━━━━━━━━━━━━━━━━━━━━━━━━━━━━ 383.8/383.8 KB 70.2 MB/s eta 0:00:00
  Preparing metadata (setup.py): started
  Preparing metadata (setup.py): finished with status 'done'
Collecting pure-eval==0.2.2
  Downloading pure_eval-0.2.2-py3-none-any.whl (11 kB)
Collecting Pygments==2.12.0
  Downloading Pygments-2.12.0-py3-none-any.whl (1.1 MB)
     ━━━━━━━━━━━━━━━━━━━━━━━━━━━━━━━━━━━━━━━━ 1.1/1.1 MB 99.8 MB/s eta 0:00:00
Collecting python-dateutil==2.8.2
  Downloading python_dateutil-2.8.2-py2.py3-none-any.whl (247 kB)
     ━━━━━━━━━━━━━━━━━━━━━━━━━━━━━━━━━━━━━━ 247.7/247.7 KB 36.9 MB/s eta 0:00:00
Collecting python-dotenv==0.20.0
  Downloading python_dotenv-0.20.0-py3-none-any.whl (17 kB)
Collecting pytz==2022.1
  Downloading pytz-2022.1-py2.py3-none-any.whl (503 kB)
     ━━━━━━━━━━━━━━━━━━━━━━━━━━━━━━━━━━━━━━ 503.5/503.5 KB 83.6 MB/s eta 0:00:00
Collecting requests==2.28.1
  Downloading requests-2.28.1-py3-none-any.whl (62 kB)
     ━━━━━━━━━━━━━━━━━━━━━━━━━━━━━━━━━━━━━━━━ 62.8/62.8 KB 20.7 MB/s eta 0:00:00
Collecting requests-oauthlib==1.3.1
  Downloading requests_oauthlib-1.3.1-py2.py3-none-any.whl (23 kB)
Collecting six==1.16.0
  Downloading six-1.16.0-py2.py3-none-any.whl (11 kB)
Collecting stack-data==0.3.0
  Downloading stack_data-0.3.0-py3-none-any.whl (23 kB)
Collecting traitlets==5.3.0
  Downloading traitlets-5.3.0-py3-none-any.whl (106 kB)
     ━━━━━━━━━━━━━━━━━━━━━━━━━━━━━━━━━━━━━━ 106.8/106.8 KB 31.6 MB/s eta 0:00:00
Collecting tweepy==4.10.0
  Downloading tweepy-4.10.0-py3-none-any.whl (94 kB)
     ━━━━━━━━━━━━━━━━━━━━━━━━━━━━━━━━━━━━━━━━ 94.4/94.4 KB 29.8 MB/s eta 0:00:00
Collecting urllib3==1.26.10
  Downloading urllib3-1.26.10-py2.py3-none-any.whl (139 kB)
     ━━━━━━━━━━━━━━━━━━━━━━━━━━━━━━━━━━━━━━ 139.2/139.2 KB 29.8 MB/s eta 0:00:00
Collecting wcwidth==0.2.5
  Downloading wcwidth-0.2.5-py2.py3-none-any.whl (30 kB)
Collecting pexpect>4.3
  Downloading pexpect-4.8.0-py2.py3-none-any.whl (59 kB)
     ━━━━━━━━━━━━━━━━━━━━━━━━━━━━━━━━━━━━━━━━ 59.0/59.0 KB 16.3 MB/s eta 0:00:00
Requirement already satisfied: setuptools>=18.5 in /usr/local/lib/python3.8/site-packages (from ipython==8.4.0->-r requirements.txt (line 9)) (57.5.0)
Collecting ptyprocess>=0.5
  Downloading ptyprocess-0.7.0-py2.py3-none-any.whl (13 kB)
Building wheels for collected packages: psycopg2
  Building wheel for psycopg2 (setup.py): started
  Building wheel for psycopg2 (setup.py): finished with status 'done'
  Created wheel for psycopg2: filename=psycopg2-2.8.6-cp38-cp38-linux_x86_64.whl size=449851 sha256=a32b48a019d230ae0a7d09bca2d0a5bc47a8fcda203df4e043d3432b90df7e3c
  Stored in directory: /root/.cache/pip/wheels/70/5e/69/8a020d78c09043156a7df0b64529e460fbd922ca065c4b795c
Successfully built psycopg2
Installing collected packages: wcwidth, pytz, pure-eval, ptyprocess, pickleshare, executing, backcall, urllib3, traitlets, six, python-dotenv, Pygments, psycopg2, prompt-toolkit, pexpect, parso, oauthlib, numpy, idna, decorator, colorama, charset-normalizer, certifi, requests, python-dateutil, matplotlib-inline, jedi, asttokens, stack-data, requests-oauthlib, pandas, tweepy, ipython
Successfully installed Pygments-2.12.0 asttokens-2.0.5 backcall-0.2.0 certifi-2022.6.15 charset-normalizer-2.1.0 colorama-0.4.5 decorator-5.1.1 executing-0.8.3 idna-3.3 ipython-8.4.0 jedi-0.18.1 matplotlib-inline-0.1.3 numpy-1.23.1 oauthlib-3.2.0 pandas-1.4.3 parso-0.8.3 pexpect-4.8.0 pickleshare-0.7.5 prompt-toolkit-3.0.30 psycopg2-2.8.6 ptyprocess-0.7.0 pure-eval-0.2.2 python-dateutil-2.8.2 python-dotenv-0.20.0 pytz-2022.1 requests-2.28.1 requests-oauthlib-1.3.1 six-1.16.0 stack-data-0.3.0 traitlets-5.3.0 tweepy-4.10.0 urllib3-1.26.10 wcwidth-0.2.5
WARNING: Running pip as the 'root' user can result in broken permissions and conflicting behaviour with the system package manager. It is recommended to use a virtual environment instead: https://pip.pypa.io/warnings/venv
WARNING: You are using pip version 22.0.4; however, version 22.1.2 is available.
You should consider upgrading via the '/usr/local/bin/python -m pip install --upgrade pip' command.
Removing intermediate container ca9db2cee13c
 ---> 45ff9881b03b
Step 5/11 : COPY tweet-app.py tweet-app.py
 ---> d02ea47d8dad
Step 6/11 : COPY tweet-app-dummy.py tweet-app-dummy.py
 ---> 5f37ec6230a6
Step 7/11 : COPY test.py test.py
 ---> 222bafe11f53
Step 8/11 : RUN python3 test.py
 ---> Running in 759dbc686c54
it is just test purpose
Removing intermediate container 759dbc686c54
 ---> 113301ab1a35
Step 9/11 : RUN python3 tweet-app-dummy.py
 ---> Running in 13b61e45057b
Application starting...
Application is starting...
Insertion is done for the values...
Insertion is done for the values...
Insertion is done for the values...
Insertion is done for the values...
Insertion is done for the values...
Insertion is done for the values...
Insertion is done for the values...
Insertion is done for the values...
Application is Completed...
Application stoping...
Removing intermediate container 13b61e45057b
 ---> 29a856465d19
Step 10/11 : COPY .env .env
 ---> 18590b75e003
Step 11/11 : CMD ["python3", "test.py"]
 ---> Running in a26df0aab5fc
Removing intermediate container a26df0aab5fc
 ---> 1160855cbe0f
Successfully built 1160855cbe0f
Successfully tagged 4c4d93498d25c7fd0eba8760a9286f1fa5bda514:latest
=== Pushing db (database/Dockerfile)
Tagged image "cf4d0e3a101928036c5cffdcb1205344f8a34424" as "registry.heroku.com/tweetzer22/db"
Using default tag: latest
The push refers to repository [registry.heroku.com/tweetzer22/db]
49f663f97289: Preparing
124b6dae5ba8: Preparing
85794b8a78fc: Preparing
e15c6bf94ae2: Preparing
296dd8d479ab: Preparing
3d1ff221cf2d: Preparing
bfe7f308cc08: Preparing
ae3f8a695839: Preparing
b9bb96d04e00: Preparing
49a41955f668: Preparing
47c24bf623ef: Preparing
07b832378873: Preparing
161c0450b165: Preparing
43b3c4e3001c: Preparing
ae3f8a695839: Waiting
b9bb96d04e00: Waiting
49a41955f668: Waiting
47c24bf623ef: Waiting
07b832378873: Waiting
161c0450b165: Waiting
43b3c4e3001c: Waiting
3d1ff221cf2d: Waiting
bfe7f308cc08: Waiting
85794b8a78fc: Layer already exists
124b6dae5ba8: Layer already exists
e15c6bf94ae2: Layer already exists
296dd8d479ab: Layer already exists
3d1ff221cf2d: Layer already exists
bfe7f308cc08: Layer already exists
ae3f8a695839: Layer already exists
b9bb96d04e00: Layer already exists
47c24bf623ef: Layer already exists
161c0450b165: Layer already exists
49a41955f668: Layer already exists
07b832378873: Layer already exists
43b3c4e3001c: Layer already exists
49f663f97289: Pushed
latest: digest: sha256:516a019142efdb5ee0ab9aecd5218479f216073a81c24fb53994291dba9b680b size: 3246
=== Pushing web (app/Dockerfile)
Tagged image "4c4d93498d25c7fd0eba8760a9286f1fa5bda514" as "registry.heroku.com/tweetzer22/web"
Using default tag: latest
The push refers to repository [registry.heroku.com/tweetzer22/web]
c8714dfb4db3: Preparing
39ead834f808: Preparing
b5858c3603d5: Preparing
929e7e272d31: Preparing
fe0d666a949d: Preparing
decbafb9bdd5: Preparing
02d1546a1d6d: Preparing
8521419190bf: Preparing
9a1378e891b0: Preparing
e80c2603f92a: Preparing
37f7caf423fc: Preparing
1f8751be0506: Preparing
59b0c7a2fe4d: Preparing
7372faf8e603: Preparing
9be7f4e74e71: Preparing
36cd374265f4: Preparing
5bdeef4a08f3: Preparing
02d1546a1d6d: Waiting
8521419190bf: Waiting
9a1378e891b0: Waiting
e80c2603f92a: Waiting
37f7caf423fc: Waiting
1f8751be0506: Waiting
59b0c7a2fe4d: Waiting
7372faf8e603: Waiting
9be7f4e74e71: Waiting
36cd374265f4: Waiting
5bdeef4a08f3: Waiting
decbafb9bdd5: Waiting
39ead834f808: Pushed
c8714dfb4db3: Pushed
929e7e272d31: Pushed
b5858c3603d5: Pushed
9a1378e891b0: Layer already exists
e80c2603f92a: Layer already exists
fe0d666a949d: Pushed
37f7caf423fc: Layer already exists
1f8751be0506: Layer already exists
59b0c7a2fe4d: Layer already exists
7372faf8e603: Layer already exists
36cd374265f4: Layer already exists
9be7f4e74e71: Layer already exists
5bdeef4a08f3: Layer already exists
02d1546a1d6d: Pushed
8521419190bf: Pushed
decbafb9bdd5: Pushed
latest: digest: sha256:2257c0698a9ae8f76e4ed3823d41840b913ba7fceec541692ab832db5471cfaf size: 3883